[2025-11-16 16:04:09,499] INFO [logger: backend.catalog] [file: api.py] [func: list (line: 140)]: ProductListAPIView: List called with params <QueryDict: {}>
[2025-11-16 16:04:09,499] INFO [logger: backend.catalog] [file: api.py] [func: get_queryset (line: 130)]: ProductListAPIView: Generating queryset
[2025-11-16 16:04:09,499] INFO [logger: backend.catalog] [file: api.py] [func: filter_queryset (line: 61)]: Filtering products with params: name=None, min_price=None, free_delivery=None, available=None
[2025-11-16 16:04:09,500] INFO [logger: backend.catalog] [file: api.py] [func: filter_queryset (line: 79)]: ProductListAPIView: Returning queryset to 39 products after applying filters
[2025-11-16 16:04:09,500] INFO [logger: backend.catalog] [file: api.py] [func: filter_by_category_and_tags (line: 93)]: Filtering by category=None, tags=[]
[2025-11-16 16:04:09,500] INFO [logger: backend.catalog] [file: api.py] [func: apply_sorting (line: 125)]: Applying sorting by field '-date'
[2025-11-16 16:04:09,501] INFO [logger: backend.catalog] [file: api.py] [func: get_queryset (line: 135)]: ProductListAPIView: Final queryset count: 39
[2025-11-16 16:04:09,523] INFO [logger: backend.catalog] [file: api.py] [func: list (line: 140)]: ProductListAPIView: List called with params <QueryDict: {'filter[name]': ['test_product']}>
[2025-11-16 16:04:09,523] INFO [logger: backend.catalog] [file: api.py] [func: get_queryset (line: 130)]: ProductListAPIView: Generating queryset
[2025-11-16 16:04:09,523] INFO [logger: backend.catalog] [file: api.py] [func: filter_queryset (line: 61)]: Filtering products with params: name=test_product, min_price=None, free_delivery=None, available=None
[2025-11-16 16:04:09,524] INFO [logger: backend.catalog] [file: api.py] [func: filter_queryset (line: 79)]: ProductListAPIView: Returning queryset to 2 products after applying filters
[2025-11-16 16:04:09,524] INFO [logger: backend.catalog] [file: api.py] [func: filter_by_category_and_tags (line: 93)]: Filtering by category=None, tags=[]
[2025-11-16 16:04:09,524] INFO [logger: backend.catalog] [file: api.py] [func: apply_sorting (line: 125)]: Applying sorting by field '-date'
[2025-11-16 16:04:09,525] INFO [logger: backend.catalog] [file: api.py] [func: get_queryset (line: 135)]: ProductListAPIView: Final queryset count: 2
[2025-11-16 16:04:09,533] INFO [logger: backend.catalog] [file: api.py] [func: list (line: 140)]: ProductListAPIView: List called with params <QueryDict: {'filter[minPrice]': ['10'], 'filter[maxPrice]': ['50']}>
[2025-11-16 16:04:09,533] INFO [logger: backend.catalog] [file: api.py] [func: get_queryset (line: 130)]: ProductListAPIView: Generating queryset
[2025-11-16 16:04:09,533] INFO [logger: backend.catalog] [file: api.py] [func: filter_queryset (line: 61)]: Filtering products with params: name=None, min_price=10, free_delivery=None, available=None
[2025-11-16 16:04:09,534] INFO [logger: backend.catalog] [file: api.py] [func: filter_queryset (line: 79)]: ProductListAPIView: Returning queryset to 0 products after applying filters
[2025-11-16 16:04:09,534] INFO [logger: backend.catalog] [file: api.py] [func: filter_by_category_and_tags (line: 93)]: Filtering by category=None, tags=[]
[2025-11-16 16:04:09,534] INFO [logger: backend.catalog] [file: api.py] [func: apply_sorting (line: 125)]: Applying sorting by field '-date'
[2025-11-16 16:04:09,535] INFO [logger: backend.catalog] [file: api.py] [func: get_queryset (line: 135)]: ProductListAPIView: Final queryset count: 0
[2025-11-16 16:04:09,539] INFO [logger: backend.catalog] [file: api.py] [func: list (line: 140)]: ProductListAPIView: List called with params <QueryDict: {'filter[freeDelivery]': ['true']}>
[2025-11-16 16:04:09,539] INFO [logger: backend.catalog] [file: api.py] [func: get_queryset (line: 130)]: ProductListAPIView: Generating queryset
[2025-11-16 16:04:09,539] INFO [logger: backend.catalog] [file: api.py] [func: filter_queryset (line: 61)]: Filtering products with params: name=None, min_price=None, free_delivery=true, available=None
[2025-11-16 16:04:09,540] INFO [logger: backend.catalog] [file: api.py] [func: filter_queryset (line: 79)]: ProductListAPIView: Returning queryset to 0 products after applying filters
[2025-11-16 16:04:09,540] INFO [logger: backend.catalog] [file: api.py] [func: filter_by_category_and_tags (line: 93)]: Filtering by category=None, tags=[]
[2025-11-16 16:04:09,540] INFO [logger: backend.catalog] [file: api.py] [func: apply_sorting (line: 125)]: Applying sorting by field '-date'
[2025-11-16 16:04:09,540] INFO [logger: backend.catalog] [file: api.py] [func: get_queryset (line: 135)]: ProductListAPIView: Final queryset count: 0
[2025-11-16 16:04:09,545] INFO [logger: backend.catalog] [file: api.py] [func: list (line: 140)]: ProductListAPIView: List called with params <QueryDict: {'filter[available]': ['true']}>
[2025-11-16 16:04:09,545] INFO [logger: backend.catalog] [file: api.py] [func: get_queryset (line: 130)]: ProductListAPIView: Generating queryset
[2025-11-16 16:04:09,545] INFO [logger: backend.catalog] [file: api.py] [func: filter_queryset (line: 61)]: Filtering products with params: name=None, min_price=None, free_delivery=None, available=true
[2025-11-16 16:04:09,546] INFO [logger: backend.catalog] [file: api.py] [func: filter_queryset (line: 79)]: ProductListAPIView: Returning queryset to 37 products after applying filters
[2025-11-16 16:04:09,546] INFO [logger: backend.catalog] [file: api.py] [func: filter_by_category_and_tags (line: 93)]: Filtering by category=None, tags=[]
[2025-11-16 16:04:09,546] INFO [logger: backend.catalog] [file: api.py] [func: apply_sorting (line: 125)]: Applying sorting by field '-date'
[2025-11-16 16:04:09,547] INFO [logger: backend.catalog] [file: api.py] [func: get_queryset (line: 135)]: ProductListAPIView: Final queryset count: 37
[2025-11-16 16:04:09,569] INFO [logger: backend.catalog] [file: api.py] [func: list (line: 140)]: ProductListAPIView: List called with params <QueryDict: {'category': ['3']}>
[2025-11-16 16:04:09,569] INFO [logger: backend.catalog] [file: api.py] [func: get_queryset (line: 130)]: ProductListAPIView: Generating queryset
[2025-11-16 16:04:09,569] INFO [logger: backend.catalog] [file: api.py] [func: filter_queryset (line: 61)]: Filtering products with params: name=None, min_price=None, free_delivery=None, available=None
[2025-11-16 16:04:09,569] INFO [logger: backend.catalog] [file: api.py] [func: filter_queryset (line: 79)]: ProductListAPIView: Returning queryset to 39 products after applying filters
[2025-11-16 16:04:09,569] INFO [logger: backend.catalog] [file: api.py] [func: filter_by_category_and_tags (line: 93)]: Filtering by category=3, tags=[]
[2025-11-16 16:04:09,570] INFO [logger: backend.catalog] [file: api.py] [func: filter_by_category_and_tags (line: 97)]: ProductListAPIView: Filtered  by category 3 count=2
[2025-11-16 16:04:09,570] INFO [logger: backend.catalog] [file: api.py] [func: apply_sorting (line: 125)]: Applying sorting by field '-date'
[2025-11-16 16:04:09,570] INFO [logger: backend.catalog] [file: api.py] [func: get_queryset (line: 135)]: ProductListAPIView: Final queryset count: 2
[2025-11-16 16:04:09,579] INFO [logger: backend.catalog] [file: api.py] [func: list (line: 140)]: ProductListAPIView: List called with params <QueryDict: {'tags[]': ['1', '4']}>
[2025-11-16 16:04:09,579] INFO [logger: backend.catalog] [file: api.py] [func: get_queryset (line: 130)]: ProductListAPIView: Generating queryset
[2025-11-16 16:04:09,579] INFO [logger: backend.catalog] [file: api.py] [func: filter_queryset (line: 61)]: Filtering products with params: name=None, min_price=None, free_delivery=None, available=None
[2025-11-16 16:04:09,579] INFO [logger: backend.catalog] [file: api.py] [func: filter_queryset (line: 79)]: ProductListAPIView: Returning queryset to 39 products after applying filters
[2025-11-16 16:04:09,579] INFO [logger: backend.catalog] [file: api.py] [func: filter_by_category_and_tags (line: 93)]: Filtering by category=None, tags=['1', '4']
[2025-11-16 16:04:09,582] INFO [logger: backend.catalog] [file: api.py] [func: filter_by_category_and_tags (line: 103)]: ProductListAPIView: Filtered by tags ['1', '4'], count=<bound method QuerySet.count of <QuerySet [<Product: title=test_product_1, pk=1>, <Product: title=test_product_sale, pk=2>, <Product: title=Discounted Product 1, pk=33>, <Product: title=Discounted Product 2, pk=34>, <Product: title=Discounted Product 3, pk=35>, <Product: title=Discounted Product 4, pk=36>, <Product: title=Discounted Product 5, pk=37>]>>
[2025-11-16 16:04:09,582] INFO [logger: backend.catalog] [file: api.py] [func: apply_sorting (line: 125)]: Applying sorting by field '-date'
[2025-11-16 16:04:09,582] INFO [logger: backend.catalog] [file: api.py] [func: get_queryset (line: 135)]: ProductListAPIView: Final queryset count: 7
[2025-11-16 16:04:09,593] INFO [logger: backend.catalog] [file: api.py] [func: list (line: 140)]: ProductListAPIView: List called with params <QueryDict: {'sort': ['rating'], 'sortType': ['dec']}>
[2025-11-16 16:04:09,593] INFO [logger: backend.catalog] [file: api.py] [func: get_queryset (line: 130)]: ProductListAPIView: Generating queryset
[2025-11-16 16:04:09,593] INFO [logger: backend.catalog] [file: api.py] [func: filter_queryset (line: 61)]: Filtering products with params: name=None, min_price=None, free_delivery=None, available=None
[2025-11-16 16:04:09,594] INFO [logger: backend.catalog] [file: api.py] [func: filter_queryset (line: 79)]: ProductListAPIView: Returning queryset to 39 products after applying filters
[2025-11-16 16:04:09,594] INFO [logger: backend.catalog] [file: api.py] [func: filter_by_category_and_tags (line: 93)]: Filtering by category=None, tags=[]
[2025-11-16 16:04:09,594] INFO [logger: backend.catalog] [file: api.py] [func: apply_sorting (line: 125)]: Applying sorting by field '-rating'
[2025-11-16 16:04:09,594] INFO [logger: backend.catalog] [file: api.py] [func: get_queryset (line: 135)]: ProductListAPIView: Final queryset count: 39
[2025-11-16 16:04:09,613] INFO [logger: backend.catalog] [file: api.py] [func: list (line: 140)]: ProductListAPIView: List called with params <QueryDict: {'sort': ['price'], 'sortType': ['inc']}>
[2025-11-16 16:04:09,613] INFO [logger: backend.catalog] [file: api.py] [func: get_queryset (line: 130)]: ProductListAPIView: Generating queryset
[2025-11-16 16:04:09,613] INFO [logger: backend.catalog] [file: api.py] [func: filter_queryset (line: 61)]: Filtering products with params: name=None, min_price=None, free_delivery=None, available=None
[2025-11-16 16:04:09,613] INFO [logger: backend.catalog] [file: api.py] [func: filter_queryset (line: 79)]: ProductListAPIView: Returning queryset to 39 products after applying filters
[2025-11-16 16:04:09,614] INFO [logger: backend.catalog] [file: api.py] [func: filter_by_category_and_tags (line: 93)]: Filtering by category=None, tags=[]
[2025-11-16 16:04:09,614] INFO [logger: backend.catalog] [file: api.py] [func: apply_sorting (line: 125)]: Applying sorting by field 'price'
[2025-11-16 16:04:09,614] INFO [logger: backend.catalog] [file: api.py] [func: get_queryset (line: 135)]: ProductListAPIView: Final queryset count: 39
[2025-11-16 16:04:09,636] INFO [logger: backend.catalog] [file: api.py] [func: list (line: 140)]: ProductListAPIView: List called with params <QueryDict: {'page': ['1']}>
[2025-11-16 16:04:09,636] INFO [logger: backend.catalog] [file: api.py] [func: get_queryset (line: 130)]: ProductListAPIView: Generating queryset
[2025-11-16 16:04:09,636] INFO [logger: backend.catalog] [file: api.py] [func: filter_queryset (line: 61)]: Filtering products with params: name=None, min_price=None, free_delivery=None, available=None
[2025-11-16 16:04:09,637] INFO [logger: backend.catalog] [file: api.py] [func: filter_queryset (line: 79)]: ProductListAPIView: Returning queryset to 39 products after applying filters
[2025-11-16 16:04:09,637] INFO [logger: backend.catalog] [file: api.py] [func: filter_by_category_and_tags (line: 93)]: Filtering by category=None, tags=[]
[2025-11-16 16:04:09,637] INFO [logger: backend.catalog] [file: api.py] [func: apply_sorting (line: 125)]: Applying sorting by field '-date'
[2025-11-16 16:04:09,637] INFO [logger: backend.catalog] [file: api.py] [func: get_queryset (line: 135)]: ProductListAPIView: Final queryset count: 39
[2025-11-16 16:04:09,655] INFO [logger: backend.catalog] [file: api.py] [func: list (line: 140)]: ProductListAPIView: List called with params <QueryDict: {}>
[2025-11-16 16:04:09,656] INFO [logger: backend.catalog] [file: api.py] [func: get_queryset (line: 130)]: ProductListAPIView: Generating queryset
[2025-11-16 16:04:09,656] INFO [logger: backend.catalog] [file: api.py] [func: filter_queryset (line: 61)]: Filtering products with params: name=None, min_price=None, free_delivery=None, available=None
[2025-11-16 16:04:09,656] INFO [logger: backend.catalog] [file: api.py] [func: filter_queryset (line: 79)]: ProductListAPIView: Returning queryset to 39 products after applying filters
[2025-11-16 16:04:09,656] INFO [logger: backend.catalog] [file: api.py] [func: filter_by_category_and_tags (line: 93)]: Filtering by category=None, tags=[]
[2025-11-16 16:04:09,656] INFO [logger: backend.catalog] [file: api.py] [func: apply_sorting (line: 125)]: Applying sorting by field '-date'
[2025-11-16 16:04:09,657] INFO [logger: backend.catalog] [file: api.py] [func: get_queryset (line: 135)]: ProductListAPIView: Final queryset count: 39
[2025-11-16 16:04:09,784] INFO [logger: backend.catalog] [file: api.py] [func: get (line: 29)]: CategoryListAPIView: Received GET request
[2025-11-16 16:04:09,785] INFO [logger: backend.catalog] [file: api.py] [func: get (line: 38)]: CategoryListAPIView: Returning 3 root categories
[2025-11-16 16:04:09,790] INFO [logger: backend.catalog] [file: api.py] [func: get (line: 29)]: CategoryListAPIView: Received GET request
[2025-11-16 16:04:09,791] INFO [logger: backend.catalog] [file: api.py] [func: get (line: 38)]: CategoryListAPIView: Returning 3 root categories
[2025-11-16 16:04:09,795] INFO [logger: backend.catalog] [file: api.py] [func: get (line: 29)]: CategoryListAPIView: Received GET request
[2025-11-16 16:04:09,797] INFO [logger: backend.catalog] [file: api.py] [func: get (line: 38)]: CategoryListAPIView: Returning 3 root categories
[2025-11-16 16:04:09,801] INFO [logger: backend.catalog] [file: api.py] [func: get (line: 29)]: CategoryListAPIView: Received GET request
[2025-11-16 16:04:09,802] INFO [logger: backend.catalog] [file: api.py] [func: get (line: 38)]: CategoryListAPIView: Returning 3 root categories
[2025-11-16 16:04:09,807] INFO [logger: backend.catalog] [file: api.py] [func: get (line: 29)]: CategoryListAPIView: Received GET request
[2025-11-16 16:04:09,809] INFO [logger: backend.catalog] [file: api.py] [func: get (line: 38)]: CategoryListAPIView: Returning 3 root categories
[2025-11-16 16:04:09,992] INFO [logger: backend.catalog] [file: api.py] [func: get_queryset (line: 186)]: LimitedProductsListAPIView: Getting limited edition products
[2025-11-16 16:04:09,995] INFO [logger: backend.catalog] [file: api.py] [func: get_queryset (line: 191)]: LimitedProductsListAPIView: Found 16 limited edition products
[2025-11-16 16:04:10,014] INFO [logger: backend.catalog] [file: api.py] [func: get_queryset (line: 206)]: PopularProductsListAPIView: Getting popular products
[2025-11-16 16:04:10,016] INFO [logger: backend.catalog] [file: api.py] [func: get_queryset (line: 212)]: PopularProductsListAPIView: Found 8 popular products
[2025-11-16 16:04:10,149] INFO [logger: backend.catalog] [file: api.py] [func: list (line: 244)]: SaleProductsListAPIView: List called with params <QueryDict: {}>
[2025-11-16 16:04:10,149] INFO [logger: backend.catalog] [file: api.py] [func: get_queryset (line: 225)]: SaleProductsListAPIView: Getting sales products with sale_date_to >= 2025-11-16 16:04:10.149740
[2025-11-16 16:04:10,150] INFO [logger: backend.catalog] [file: api.py] [func: get_queryset (line: 237)]: SaleProductsListAPIView: Found 0 products on sale
[2025-11-16 16:04:10,155] INFO [logger: backend.catalog] [file: api.py] [func: list (line: 244)]: SaleProductsListAPIView: List called with params <QueryDict: {}>
[2025-11-16 16:04:10,155] INFO [logger: backend.catalog] [file: api.py] [func: get_queryset (line: 225)]: SaleProductsListAPIView: Getting sales products with sale_date_to >= 2025-11-16 16:04:10.155298
[2025-11-16 16:04:10,155] INFO [logger: backend.catalog] [file: api.py] [func: get_queryset (line: 237)]: SaleProductsListAPIView: Found 0 products on sale
[2025-11-16 16:04:10,160] INFO [logger: backend.catalog] [file: api.py] [func: list (line: 244)]: SaleProductsListAPIView: List called with params <QueryDict: {}>
[2025-11-16 16:04:10,160] INFO [logger: backend.catalog] [file: api.py] [func: get_queryset (line: 225)]: SaleProductsListAPIView: Getting sales products with sale_date_to >= 2025-11-16 16:04:10.160639
[2025-11-16 16:04:10,161] INFO [logger: backend.catalog] [file: api.py] [func: get_queryset (line: 237)]: SaleProductsListAPIView: Found 0 products on sale
[2025-11-16 16:04:10,166] INFO [logger: backend.catalog] [file: api.py] [func: list (line: 244)]: SaleProductsListAPIView: List called with params <QueryDict: {}>
[2025-11-16 16:04:10,166] INFO [logger: backend.catalog] [file: api.py] [func: get_queryset (line: 225)]: SaleProductsListAPIView: Getting sales products with sale_date_to >= 2025-11-16 16:04:10.166629
[2025-11-16 16:04:10,167] INFO [logger: backend.catalog] [file: api.py] [func: get_queryset (line: 237)]: SaleProductsListAPIView: Found 0 products on sale
[2025-11-16 16:04:10,184] INFO [logger: backend.catalog] [file: api.py] [func: list (line: 244)]: SaleProductsListAPIView: List called with params <QueryDict: {}>
[2025-11-16 16:04:10,184] INFO [logger: backend.catalog] [file: api.py] [func: get_queryset (line: 225)]: SaleProductsListAPIView: Getting sales products with sale_date_to >= 2025-11-16 16:04:10.184558
[2025-11-16 16:04:10,185] INFO [logger: backend.catalog] [file: api.py] [func: get_queryset (line: 237)]: SaleProductsListAPIView: Found 0 products on sale
[2025-11-16 16:04:10,189] INFO [logger: backend.catalog] [file: api.py] [func: list (line: 244)]: SaleProductsListAPIView: List called with params <QueryDict: {'page': ['1']}>
[2025-11-16 16:04:10,189] INFO [logger: backend.catalog] [file: api.py] [func: get_queryset (line: 225)]: SaleProductsListAPIView: Getting sales products with sale_date_to >= 2025-11-16 16:04:10.189667
[2025-11-16 16:04:10,190] INFO [logger: backend.catalog] [file: api.py] [func: get_queryset (line: 237)]: SaleProductsListAPIView: Found 0 products on sale
[2025-11-16 16:12:51,080] INFO [logger: backend.catalog] [file: api.py] [func: list (line: 244)]: SaleProductsListAPIView: List called with params <QueryDict: {'currentPage': ['1']}>
[2025-11-16 16:12:51,082] INFO [logger: backend.catalog] [file: api.py] [func: get_queryset (line: 225)]: SaleProductsListAPIView: Getting sales products with sale_date_to >= 2025-11-16 16:12:51.082075
[2025-11-16 16:12:51,427] INFO [logger: backend.catalog] [file: api.py] [func: get_queryset (line: 237)]: SaleProductsListAPIView: Found 0 products on sale
[2025-11-16 16:13:23,119] INFO [logger: backend.catalog] [file: api.py] [func: list (line: 244)]: SaleProductsListAPIView: List called with params <QueryDict: {'currentPage': ['1']}>
[2025-11-16 16:13:23,119] INFO [logger: backend.catalog] [file: api.py] [func: get_queryset (line: 225)]: SaleProductsListAPIView: Getting sales products with sale_date_to >= 2025-11-16 16:13:23.119462
[2025-11-16 16:13:23,121] INFO [logger: backend.catalog] [file: api.py] [func: get_queryset (line: 237)]: SaleProductsListAPIView: Found 0 products on sale
